# JRE version: 7.0_21-b11
# Java VM: Java HotSpot(TM) 64-Bit Server VM (23.21-b01 mixed mode windows-amd64 compressed oops)
Heap
 PSYoungGen      total 36736K, used 2710K [0x00000007d6f60000, 0x00000007d9860000, 0x0000000800000000)
  eden space 31488K, 2% used [0x00000007d6f60000,0x00000007d7029050,0x00000007d8e20000)
  from space 5248K, 36% used [0x00000007d9340000,0x00000007d951c9f0,0x00000007d9860000)
  to   space 5248K, 0% used [0x00000007d8e20000,0x00000007d8e20000,0x00000007d9340000)
 ParOldGen       total 84096K, used 24K [0x0000000784e00000, 0x000000078a020000, 0x00000007d6f60000)
  object space 84096K, 0% used [0x0000000784e00000,0x0000000784e06000,0x000000078a020000)
 PSPermGen       total 21248K, used 11182K [0x000000077fc00000, 0x00000007810c0000, 0x0000000784e00000)
  object space 21248K, 52% used [0x000000077fc00000,0x00000007806eb858,0x00000007810c0000)
GC Heap History (4 events):
Event: 4.375 GC heap before
{Heap before GC invocations=1 (full 0):
 PSYoungGen      total 36736K, used 31488K [0x00000007d6f60000, 0x00000007d9860000, 0x0000000800000000)
  eden space 31488K, 100% used [0x00000007d6f60000,0x00000007d8e20000,0x00000007d8e20000)
  from space 5248K, 0% used [0x00000007d9340000,0x00000007d9340000,0x00000007d9860000)
  to   space 5248K, 0% used [0x00000007d8e20000,0x00000007d8e20000,0x00000007d9340000)
 ParOldGen       total 84096K, used 0K [0x0000000784e00000, 0x000000078a020000, 0x00000007d6f60000)
  object space 84096K, 0% used [0x0000000784e00000,0x0000000784e00000,0x000000078a020000)
 PSPermGen       total 21248K, used 11161K [0x000000077fc00000, 0x00000007810c0000, 0x0000000784e00000)
  object space 21248K, 52% used [0x000000077fc00000,0x00000007806e6630,0x00000007810c0000)
Event: 4.392 GC heap after
Heap after GC invocations=1 (full 0):
 PSYoungGen      total 36736K, used 4559K [0x00000007d6f60000, 0x00000007d9860000, 0x0000000800000000)
  eden space 31488K, 0% used [0x00000007d6f60000,0x00000007d6f60000,0x00000007d8e20000)
  from space 5248K, 86% used [0x00000007d8e20000,0x00000007d9293e88,0x00000007d9340000)
  to   space 5248K, 0% used [0x00000007d9340000,0x00000007d9340000,0x00000007d9860000)
 ParOldGen       total 84096K, used 8K [0x0000000784e00000, 0x000000078a020000, 0x00000007d6f60000)
  object space 84096K, 0% used [0x0000000784e00000,0x0000000784e02000,0x000000078a020000)
 PSPermGen       total 21248K, used 11161K [0x000000077fc00000, 0x00000007810c0000, 0x0000000784e00000)
  object space 21248K, 52% used [0x000000077fc00000,0x00000007806e6630,0x00000007810c0000)
}
Event: 9.735 GC heap before
{Heap before GC invocations=2 (full 0):
 PSYoungGen      total 36736K, used 36047K [0x00000007d6f60000, 0x00000007d9860000, 0x0000000800000000)
  eden space 31488K, 100% used [0x00000007d6f60000,0x00000007d8e20000,0x00000007d8e20000)
  from space 5248K, 86% used [0x00000007d8e20000,0x00000007d9293e88,0x00000007d9340000)
  to   space 5248K, 0% used [0x00000007d9340000,0x00000007d9340000,0x00000007d9860000)
 ParOldGen       total 84096K, used 8K [0x0000000784e00000, 0x000000078a020000, 0x00000007d6f60000)
  object space 84096K, 0% used [0x0000000784e00000,0x0000000784e02000,0x000000078a020000)
 PSPermGen       total 21248K, used 11182K [0x000000077fc00000, 0x00000007810c0000, 0x0000000784e00000)
  object space 21248K, 52% used [0x000000077fc00000,0x00000007806eb858,0x00000007810c0000)
Event: 9.737 GC heap after
Heap after GC invocations=2 (full 0):
 PSYoungGen      total 36736K, used 1906K [0x00000007d6f60000, 0x00000007d9860000, 0x0000000800000000)
  eden space 31488K, 0% used [0x00000007d6f60000,0x00000007d6f60000,0x00000007d8e20000)
  from space 5248K, 36% used [0x00000007d9340000,0x00000007d951c9f0,0x00000007d9860000)
  to   space 5248K, 0% used [0x00000007d8e20000,0x00000007d8e20000,0x00000007d9340000)
 ParOldGen       total 84096K, used 24K [0x0000000784e00000, 0x000000078a020000, 0x00000007d6f60000)
  object space 84096K, 0% used [0x0000000784e00000,0x0000000784e06000,0x000000078a020000)
 PSPermGen       total 21248K, used 11182K [0x000000077fc00000, 0x00000007810c0000, 0x0000000784e00000)
  object space 21248K, 52% used [0x000000077fc00000,0x00000007806eb858,0x00000007810c0000)
}

